mode: set
github.com/fuserobotics/kvgossip/client/client.go:17.26,22.2 1 1
github.com/fuserobotics/kvgossip/client/client.go:24.53,26.39 2 1
github.com/fuserobotics/kvgossip/client/client.go:29.2,29.21 1 1
github.com/fuserobotics/kvgossip/client/client.go:26.39,28.3 1 0
github.com/fuserobotics/kvgossip/client/client.go:32.67,38.42 5 1
github.com/fuserobotics/kvgossip/client/client.go:43.2,48.14 3 1
github.com/fuserobotics/kvgossip/client/client.go:38.42,42.3 3 1
github.com/fuserobotics/kvgossip/client/connection.go:22.66,28.2 1 1
github.com/fuserobotics/kvgossip/client/connection.go:30.56,34.16 3 1
github.com/fuserobotics/kvgossip/client/connection.go:34.16,36.3 1 0
github.com/fuserobotics/kvgossip/client/connection.go:36.3,38.3 1 1
github.com/fuserobotics/kvgossip/client/connection.go:41.36,46.2 3 0
github.com/fuserobotics/kvgossip/client/connection.go:48.42,50.27 2 0
github.com/fuserobotics/kvgossip/client/connection.go:53.2,53.23 1 0
github.com/fuserobotics/kvgossip/client/connection.go:50.27,52.3 1 0
github.com/fuserobotics/kvgossip/client/connection.go:57.32,58.26 1 1
github.com/fuserobotics/kvgossip/client/connection.go:58.26,64.41 4 1
github.com/fuserobotics/kvgossip/client/connection.go:67.3,67.27 1 1
github.com/fuserobotics/kvgossip/client/connection.go:64.41,66.4 1 1
github.com/fuserobotics/kvgossip/client/interest.go:7.49,8.2 0 0
